--------------------
./configure --static
Fri 20 Aug 2021 02:43:39 PM KST
Checking for gcc...
=== ztest2006328.c ===
extern int getchar();
int hello() {return getchar();}
===
gcc -c ztest2006328.c
... using gcc

Checking for obsessive-compulsive compiler options...
=== ztest2006328.c ===
int foo() { return 0; }
===
gcc -c -fPIC ztest2006328.c

Building static library libz.a version 1.2.11 with gcc.

=== ztest2006328.c ===
#include <stdio.h>
#include <stdlib.h>
size_t dummy = 0;
===
gcc -c -fPIC ztest2006328.c
Checking for size_t... Yes.


=== ztest2006328.c ===
#include <sys/types.h>
off64_t dummy = 0;
===
gcc -c -fPIC -D_LARGEFILE64_SOURCE=1 ztest2006328.c
Checking for off64_t... Yes.
Checking for fseeko... Yes.

=== ztest2006328.c ===
#include <string.h>
#include <errno.h>
int main() { return strlen(strerror(errno)); }
===
gcc -fPIC -D_LARGEFILE64_SOURCE=1 -o ztest2006328 ztest2006328.c
Checking for strerror... Yes.

=== ztest2006328.c ===
#include <unistd.h>
int main() { return 0; }
===
gcc -c -fPIC -D_LARGEFILE64_SOURCE=1 ztest2006328.c
Checking for unistd.h... Yes.

=== ztest2006328.c ===
#include <stdarg.h>
int main() { return 0; }
===
gcc -c -fPIC -D_LARGEFILE64_SOURCE=1 ztest2006328.c
Checking for stdarg.h... Yes.

=== ztest2006328.c ===
#include <stdio.h>
#include <stdarg.h>
#include "zconf.h"
int main()
{
#ifndef STDC
  choke me
#endif
  return 0;
}
===
gcc -c -fPIC -D_LARGEFILE64_SOURCE=1 ztest2006328.c
Checking whether to use vs[n]printf() or s[n]printf()... using vs[n]printf().

=== ztest2006328.c ===
#include <stdio.h>
#include <stdarg.h>
int mytest(const char *fmt, ...)
{
  char buf[20];
  va_list ap;
  va_start(ap, fmt);
  vsnprintf(buf, sizeof(buf), fmt, ap);
  va_end(ap);
  return 0;
}
int main()
{
  return (mytest("Hello%d\n", 1));
}
===
gcc -fPIC -D_LARGEFILE64_SOURCE=1 -o ztest2006328 ztest2006328.c
Checking for vsnprintf() in stdio.h... Yes.

=== ztest2006328.c ===
#include <stdio.h>
#include <stdarg.h>
int mytest(const char *fmt, ...)
{
  int n;
  char buf[20];
  va_list ap;
  va_start(ap, fmt);
  n = vsnprintf(buf, sizeof(buf), fmt, ap);
  va_end(ap);
  return n;
}
int main()
{
  return (mytest("Hello%d\n", 1));
}
===
gcc -c -fPIC -D_LARGEFILE64_SOURCE=1 ztest2006328.c
Checking for return value of vsnprintf()... Yes.

=== ztest2006328.c ===
#define ZLIB_INTERNAL __attribute__((visibility ("hidden")))
int ZLIB_INTERNAL foo;
int main()
{
  return 0;
}
===
gcc -c -fPIC -D_LARGEFILE64_SOURCE=1 ztest2006328.c
Checking for attribute(visibility) support... Yes.

ALL = static all64
AR = ar
ARFLAGS = rc
CC = gcc
CFLAGS = -fPIC -D_LARGEFILE64_SOURCE=1 -DHAVE_HIDDEN
CPP = gcc -E
EXE =
LDCONFIG = ldconfig
LDFLAGS =
LDSHARED = gcc
LDSHAREDLIBC = -lc
OBJC = $(OBJZ) $(OBJG)
PIC_OBJC = $(PIC_OBJZ) $(PIC_OBJG)
RANLIB = ranlib
SFLAGS = -fPIC -fPIC -D_LARGEFILE64_SOURCE=1 -DHAVE_HIDDEN
SHAREDLIB =
SHAREDLIBM =
SHAREDLIBV =
STATICLIB = libz.a
TEST = all teststatic test64
VER = 1.2.11
Z_U4 =
SRCDIR =
exec_prefix = ${prefix}
includedir = ${prefix}/include
libdir = ${exec_prefix}/lib
mandir = ${prefix}/share/man
prefix = /usr/local
sharedlibdir = ${libdir}
uname = Linux
--------------------


